[debug] > Exec(run, None, None)
[debug] Evaluating tasks: Compile / run
[debug] Running task... Cancel: Signal, check cycles: false, forcegc: true
[debug] Running task... Cancel: Signal, check cycles: false, forcegc: true
[debug] Running task... Cancel: Signal, check cycles: false, forcegc: true
[debug] Exporting web-assets:reservationapp
[debug] Running task... Cancel: Signal, check cycles: false, forcegc: true
[debug] Running task... Cancel: Signal, check cycles: false, forcegc: true
[info] compiling 1 Scala source to C:\Users\kolya\Documents\GitHub\reservationApp-FB\target\scala-2.13\classes ...
[info] done compiling
[debug] Running task... Cancel: Signal, check cycles: false, forcegc: true
[debug] Exporting web-assets:reservationapp
[debug] Running task... Cancel: Signal, check cycles: false, forcegc: true
[debug] Running task... Cancel: Signal, check cycles: false, forcegc: true
[info] compiling 1 Scala source to C:\Users\kolya\Documents\GitHub\reservationApp-FB\target\scala-2.13\classes ...
[error] C:\Users\kolya\Documents\GitHub\reservationApp-FB\app\controllers\ChangePasswordController.scala:50:13: Missing closing brace `}` assumed here
[error]             val passwordInfo = passwordHasherRegistry.current.hash(newPassword)
[error]             ^
[error] one error found
[error] (Compile / compileIncremental) Compilation failed
[debug] Running task... Cancel: Signal, check cycles: false, forcegc: true
[debug] Running task... Cancel: Signal, check cycles: false, forcegc: true
[debug] Running task... Cancel: Signal, check cycles: false, forcegc: true
[info] compiling 1 Scala source to C:\Users\kolya\Documents\GitHub\reservationApp-FB\target\scala-2.13\classes ...
[error] C:\Users\kolya\Documents\GitHub\reservationApp-FB\app\controllers\ChangePasswordController.scala:49:34: not found: value loginInfo
[error]             userService.retrieve(loginInfo).flatMap { loginInfo =>
[error]                                  ^
[error] one error found
[error] (Compile / compileIncremental) Compilation failed
[debug] Running task... Cancel: Signal, check cycles: false, forcegc: true
[debug] Running task... Cancel: Signal, check cycles: false, forcegc: true
[debug] Running task... Cancel: Signal, check cycles: false, forcegc: true
[info] compiling 1 Scala source to C:\Users\kolya\Documents\GitHub\reservationApp-FB\target\scala-2.13\classes ...
[error] C:\Users\kolya\Documents\GitHub\reservationApp-FB\app\controllers\ChangePasswordController.scala:55:84: type mismatch;
[error]  found   : scala.concurrent.Future[play.api.mvc.Result]
[error]  required: Option[models.User] => ?
[error]               authInfoRepository.update[PasswordInfo](loginInfo, passwordInfo).map { _ =>
[error]                                                                                    ^
[error] one error found
[debug] Forcing garbage collection...
[error] (Compile / compileIncremental) Compilation failed
[debug] Running task... Cancel: Signal, check cycles: false, forcegc: true
[debug] Running task... Cancel: Signal, check cycles: false, forcegc: true
[debug] Running task... Cancel: Signal, check cycles: false, forcegc: true
[info] compiling 1 Scala source to C:\Users\kolya\Documents\GitHub\reservationApp-FB\target\scala-2.13\classes ...
[error] C:\Users\kolya\Documents\GitHub\reservationApp-FB\app\controllers\ChangePasswordController.scala:55:84: type mismatch;
[error]  found   : scala.concurrent.Future[play.api.mvc.Result]
[error]  required: Option[models.User] => scala.concurrent.Future[?]
[error]               authInfoRepository.update[PasswordInfo](loginInfo, passwordInfo).map { _ =>
[error]                                                                                    ^
[error] one error found
[error] (Compile / compileIncremental) Compilation failed
[debug] Running task... Cancel: Signal, check cycles: false, forcegc: true
[debug] Running task... Cancel: Signal, check cycles: false, forcegc: true
[debug] Running task... Cancel: Signal, check cycles: false, forcegc: true
[info] compiling 1 Scala source to C:\Users\kolya\Documents\GitHub\reservationApp-FB\target\scala-2.13\classes ...
[error] C:\Users\kolya\Documents\GitHub\reservationApp-FB\app\controllers\ChangePasswordController.scala:52:22: type mismatch;
[error]  found   : scala.concurrent.Future[controllers.UserCreatedOrUpdated]
[error]  required: Option[models.User] => scala.concurrent.Future[?]
[error]                 user <- userService.createOrUpdate(loginInfo, email, name, lastName, position, None)
[error]                      ^
[error] C:\Users\kolya\Documents\GitHub\reservationApp-FB\app\controllers\ChangePasswordController.scala:56:66: not found: value passwordInfo
[error]               authInfoRepository.update[PasswordInfo](loginInfo, passwordInfo).map { _ =>
[error]                                                                  ^
[error] two errors found
[error] (Compile / compileIncremental) Compilation failed
[debug] Running task... Cancel: Signal, check cycles: false, forcegc: true
[debug] Running task... Cancel: Signal, check cycles: false, forcegc: true
[debug] Running task... Cancel: Signal, check cycles: false, forcegc: true
[info] compiling 1 Scala source to C:\Users\kolya\Documents\GitHub\reservationApp-FB\target\scala-2.13\classes ...
[error] C:\Users\kolya\Documents\GitHub\reservationApp-FB\app\controllers\ChangePasswordController.scala:63:66: not found: value passwordInfo
[error]               authInfoRepository.update[PasswordInfo](loginInfo, passwordInfo).map { _ =>
[error]                                                                  ^
[error] one error found
[error] (Compile / compileIncremental) Compilation failed
[debug] Running task... Cancel: Signal, check cycles: false, forcegc: true
[debug] Running task... Cancel: Signal, check cycles: false, forcegc: true
[debug] Running task... Cancel: Signal, check cycles: false, forcegc: true
[info] compiling 1 Scala source to C:\Users\kolya\Documents\GitHub\reservationApp-FB\target\scala-2.13\classes ...
[info] done compiling
[debug] Running task... Cancel: Signal, check cycles: false, forcegc: true
[debug] Exporting web-assets:reservationapp
[debug] Running task... Cancel: Signal, check cycles: false, forcegc: true
[debug] Running task... Cancel: Signal, check cycles: false, forcegc: true
[info] compiling 1 Scala source to C:\Users\kolya\Documents\GitHub\reservationApp-FB\target\scala-2.13\classes ...
[info] done compiling
[debug] Running task... Cancel: Signal, check cycles: false, forcegc: true
[debug] Exporting web-assets:reservationapp
[debug] Running task... Cancel: Signal, check cycles: false, forcegc: true
[debug] Running task... Cancel: Signal, check cycles: false, forcegc: true
[info] compiling 3 Scala sources to C:\Users\kolya\Documents\GitHub\reservationApp-FB\target\scala-2.13\classes ...
[info] done compiling
[info] compiling 1 Java source to C:\Users\kolya\Documents\GitHub\reservationApp-FB\target\scala-2.13\classes ...
[info] done compiling
[debug] Forcing garbage collection...
[debug] Running task... Cancel: Signal, check cycles: false, forcegc: true
[debug] Exporting web-assets:reservationapp
[debug] Running task... Cancel: Signal, check cycles: false, forcegc: true
