[debug] > Exec(run, None, None)
[debug] Evaluating tasks: Compile / run
[debug] Running task... Cancel: Signal, check cycles: false, forcegc: true
[debug] Running task... Cancel: Signal, check cycles: false, forcegc: true
[debug] Running task... Cancel: Signal, check cycles: false, forcegc: true
[debug] Exporting web-assets:reservationapp
[debug] Running task... Cancel: Signal, check cycles: false, forcegc: true
[debug] Running task... Cancel: Signal, check cycles: false, forcegc: true
[debug] Running task... Cancel: Signal, check cycles: false, forcegc: true
[debug] Exporting web-assets:reservationapp
[debug] Running task... Cancel: Signal, check cycles: false, forcegc: true
[debug] Running task... Cancel: Signal, check cycles: false, forcegc: true
[info] compiling 1 Scala source to C:\Users\kolya\Documents\GitHub\reservationApp-FB\target\scala-2.13\classes ...
[info] done compiling
[debug] Running task... Cancel: Signal, check cycles: false, forcegc: true
[debug] Exporting web-assets:reservationapp
[debug] Running task... Cancel: Signal, check cycles: false, forcegc: true
[debug] Running task... Cancel: Signal, check cycles: false, forcegc: true
[info] compiling 1 Scala source to C:\Users\kolya\Documents\GitHub\reservationApp-FB\target\scala-2.13\classes ...
[error] C:\Users\kolya\Documents\GitHub\reservationApp-FB\app\models\services\EventService.scala:67:25: type mismatch;
[error]  found   : scala.concurrent.Future[models.services.EventCreated]
[error]  required: Option[models.Event] => scala.concurrent.Future[models.services.EventResult]
[error]             memberUsers <- userDAO.findUsersByID(members).map(data => data.toList)
[error]                         ^
[error] one error found
[debug] Forcing garbage collection...
[error] (Compile / compileIncremental) Compilation failed
[debug] Running task... Cancel: Signal, check cycles: false, forcegc: true
[debug] Running task... Cancel: Signal, check cycles: false, forcegc: true
[debug] Running task... Cancel: Signal, check cycles: false, forcegc: true
[info] compiling 1 Scala source to C:\Users\kolya\Documents\GitHub\reservationApp-FB\target\scala-2.13\classes ...
[error] C:\Users\kolya\Documents\GitHub\reservationApp-FB\app\models\services\EventService.scala:67:25: type mismatch;
[error]  found   : scala.concurrent.Future[models.services.EventCreated]
[error]  required: Option[models.Event] => scala.concurrent.Future[models.services.EventResult]
[error]             memberUsers <- userDAO.findUsersByID(members).map(data => data.toList)
[error]                         ^
[error] one error found
[error] (Compile / compileIncremental) Compilation failed
[debug] Running task... Cancel: Signal, check cycles: false, forcegc: true
[debug] Running task... Cancel: Signal, check cycles: false, forcegc: true
[debug] Running task... Cancel: Signal, check cycles: false, forcegc: true
[info] compiling 1 Scala source to C:\Users\kolya\Documents\GitHub\reservationApp-FB\target\scala-2.13\classes ...
[error] C:\Users\kolya\Documents\GitHub\reservationApp-FB\app\models\services\EventService.scala:67:25: type mismatch;
[error]  found   : scala.concurrent.Future[models.services.EventCreated]
[error]  required: Option[models.Event] => scala.concurrent.Future[models.services.EventResult]
[error]             memberUsers <- userDAO.findUsersByID(members).map(data => data.toList)
[error]                         ^
[error] one error found
[error] (Compile / compileIncremental) Compilation failed
[debug] Running task... Cancel: Signal, check cycles: false, forcegc: true
[debug] Running task... Cancel: Signal, check cycles: false, forcegc: true
[debug] Running task... Cancel: Signal, check cycles: false, forcegc: true
[info] compiling 1 Scala source to C:\Users\kolya\Documents\GitHub\reservationApp-FB\target\scala-2.13\classes ...
[error] C:\Users\kolya\Documents\GitHub\reservationApp-FB\app\models\services\EventService.scala:67:25: type mismatch;
[error]  found   : scala.concurrent.Future[models.services.EventCreated]
[error]  required: Option[models.Event] => scala.concurrent.Future[models.services.EventResult]
[error]             memberUsers <- userDAO.findUsersByID(members).map(data => data.toList)
[error]                         ^
[error] one error found
[error] (Compile / compileIncremental) Compilation failed
[debug] Running task... Cancel: Signal, check cycles: false, forcegc: true
[debug] Running task... Cancel: Signal, check cycles: false, forcegc: true
[debug] Running task... Cancel: Signal, check cycles: false, forcegc: true
[info] compiling 1 Scala source to C:\Users\kolya\Documents\GitHub\reservationApp-FB\target\scala-2.13\classes ...
[info] done compiling
[debug] Running task... Cancel: Signal, check cycles: false, forcegc: true
[debug] Exporting web-assets:reservationapp
[debug] Running task... Cancel: Signal, check cycles: false, forcegc: true
[debug] Running task... Cancel: Signal, check cycles: false, forcegc: true
[info] compiling 1 Scala source to C:\Users\kolya\Documents\GitHub\reservationApp-FB\target\scala-2.13\classes ...
[error] C:\Users\kolya\Documents\GitHub\reservationApp-FB\app\models\services\EventService.scala:34:14: type mismatch;
[error]  found   : Int
[error]  required: java.time.LocalDate
[error]     dateTime.getDayOfMonth
[error]              ^
[error] one error found
[error] (Compile / compileIncremental) Compilation failed
[debug] Running task... Cancel: Signal, check cycles: false, forcegc: true
[debug] Running task... Cancel: Signal, check cycles: false, forcegc: true
[debug] Running task... Cancel: Signal, check cycles: false, forcegc: true
[info] compiling 1 Scala source to C:\Users\kolya\Documents\GitHub\reservationApp-FB\target\scala-2.13\classes ...
[error] C:\Users\kolya\Documents\GitHub\reservationApp-FB\app\models\services\EventService.scala:34:14: type mismatch;
[error]  found   : Int
[error]  required: java.time.LocalDate
[error]     dateTime.getDayOfMonth
[error]              ^
[error] one error found
[error] (Compile / compileIncremental) Compilation failed
[debug] Running task... Cancel: Signal, check cycles: false, forcegc: true
[debug] Running task... Cancel: Signal, check cycles: false, forcegc: true
[debug] Running task... Cancel: Signal, check cycles: false, forcegc: true
[info] compiling 1 Scala source to C:\Users\kolya\Documents\GitHub\reservationApp-FB\target\scala-2.13\classes ...
[error] C:\Users\kolya\Documents\GitHub\reservationApp-FB\app\models\services\EventService.scala:34:14: type mismatch;
[error]  found   : Int
[error]  required: java.time.LocalDate
[error]     dateTime.getDayOfMonth
[error]              ^
[error] one error found
[error] (Compile / compileIncremental) Compilation failed
[debug] Running task... Cancel: Signal, check cycles: false, forcegc: true
[debug] Running task... Cancel: Signal, check cycles: false, forcegc: true
[debug] Running task... Cancel: Signal, check cycles: false, forcegc: true
[info] compiling 1 Scala source to C:\Users\kolya\Documents\GitHub\reservationApp-FB\target\scala-2.13\classes ...
[error] C:\Users\kolya\Documents\GitHub\reservationApp-FB\app\models\services\EventService.scala:34:28: no arguments allowed for nullary method getDayOfMonth: (): Int
[error]     dateTime.getDayOfMonth(dateTime)
[error]                            ^
[error] one error found
[error] (Compile / compileIncremental) Compilation failed
[debug] Running task... Cancel: Signal, check cycles: false, forcegc: true
[debug] Running task... Cancel: Signal, check cycles: false, forcegc: true
[debug] Running task... Cancel: Signal, check cycles: false, forcegc: true
[info] compiling 1 Scala source to C:\Users\kolya\Documents\GitHub\reservationApp-FB\target\scala-2.13\classes ...
[info] done compiling
[debug] Running task... Cancel: Signal, check cycles: false, forcegc: true
[debug] Exporting web-assets:reservationapp
[debug] Running task... Cancel: Signal, check cycles: false, forcegc: true
[debug] Running task... Cancel: Signal, check cycles: false, forcegc: true
[info] compiling 1 Scala source to C:\Users\kolya\Documents\GitHub\reservationApp-FB\target\scala-2.13\classes ...
[info] done compiling
[debug] Running task... Cancel: Signal, check cycles: false, forcegc: true
[debug] Exporting web-assets:reservationapp
[debug] Running task... Cancel: Signal, check cycles: false, forcegc: true
[debug] Running task... Cancel: Signal, check cycles: false, forcegc: true
[info] compiling 1 Scala source to C:\Users\kolya\Documents\GitHub\reservationApp-FB\target\scala-2.13\classes ...
[info] done compiling
[debug] Running task... Cancel: Signal, check cycles: false, forcegc: true
[debug] Exporting web-assets:reservationapp
[debug] Running task... Cancel: Signal, check cycles: false, forcegc: true
[debug] Running task... Cancel: Signal, check cycles: false, forcegc: true
[info] compiling 1 Scala source to C:\Users\kolya\Documents\GitHub\reservationApp-FB\target\scala-2.13\classes ...
[info] done compiling
[debug] Forcing garbage collection...
[debug] Running task... Cancel: Signal, check cycles: false, forcegc: true
[debug] Exporting web-assets:reservationapp
[debug] Running task... Cancel: Signal, check cycles: false, forcegc: true
[debug] Running task... Cancel: Signal, check cycles: false, forcegc: true
[info] compiling 1 Scala source to C:\Users\kolya\Documents\GitHub\reservationApp-FB\target\scala-2.13\classes ...
[info] done compiling
[debug] Running task... Cancel: Signal, check cycles: false, forcegc: true
[debug] Exporting web-assets:reservationapp
[debug] Running task... Cancel: Signal, check cycles: false, forcegc: true
[debug] Running task... Cancel: Signal, check cycles: false, forcegc: true
[info] compiling 1 Scala source to C:\Users\kolya\Documents\GitHub\reservationApp-FB\target\scala-2.13\classes ...
[info] done compiling
[debug] Running task... Cancel: Signal, check cycles: false, forcegc: true
[debug] Exporting web-assets:reservationapp
[debug] Running task... Cancel: Signal, check cycles: false, forcegc: true
[debug] Running task... Cancel: Signal, check cycles: false, forcegc: true
[info] compiling 1 Scala source to C:\Users\kolya\Documents\GitHub\reservationApp-FB\target\scala-2.13\classes ...
[info] done compiling
[debug] Forcing garbage collection...
[debug] Running task... Cancel: Signal, check cycles: false, forcegc: true
[debug] Exporting web-assets:reservationapp
[debug] Running task... Cancel: Signal, check cycles: false, forcegc: true
[debug] Running task... Cancel: Signal, check cycles: false, forcegc: true
[info] compiling 2 Scala sources to C:\Users\kolya\Documents\GitHub\reservationApp-FB\target\scala-2.13\classes ...
[error] C:\Users\kolya\Documents\GitHub\reservationApp-FB\app\models\daos\EventDAO.scala:28:34: recursive value address needs type
[error]     val address = String.valueOf(address)
[error]                                  ^
[error] C:\Users\kolya\Documents\GitHub\reservationApp-FB\app\models\daos\EventDAO.scala:29:3: type mismatch;
[error]  found   : Unit
[error]  required: scala.concurrent.Future[Option[models.Event]]
[error]   }
[error]   ^
[error] C:\Users\kolya\Documents\GitHub\reservationApp-FB\app\models\services\EventService.scala:74:16: value getByAddress is not a member of models.daos.EventDAO
[error]       eventDAO.getByAddress(eventData.address).flatMap {
[error]                ^
[error] C:\Users\kolya\Documents\GitHub\reservationApp-FB\app\models\services\EventService.scala:74:39: value address is not a member of forms.EventForm.EventData
[error]       eventDAO.getByAddress(eventData.address).flatMap {
[error]                                       ^
[error] four errors found
[error] (Compile / compileIncremental) Compilation failed
[debug] Running task... Cancel: Signal, check cycles: false, forcegc: true
[debug] Running task... Cancel: Signal, check cycles: false, forcegc: true
[debug] Running task... Cancel: Signal, check cycles: false, forcegc: true
[info] compiling 2 Scala sources to C:\Users\kolya\Documents\GitHub\reservationApp-FB\target\scala-2.13\classes ...
[error] C:\Users\kolya\Documents\GitHub\reservationApp-FB\app\models\daos\EventDAO.scala:28:34: recursive value address needs type
[error]     val address = String.valueOf(address)
[error]                                  ^
[error] C:\Users\kolya\Documents\GitHub\reservationApp-FB\app\models\daos\EventDAO.scala:29:3: type mismatch;
[error]  found   : Unit
[error]  required: scala.concurrent.Future[Option[models.Event]]
[error]   }
[error]   ^
[error] C:\Users\kolya\Documents\GitHub\reservationApp-FB\app\models\services\EventService.scala:74:16: value getByAddress is not a member of models.daos.EventDAO
[error]       eventDAO.getByAddress(eventData.address).flatMap {
[error]                ^
[error] C:\Users\kolya\Documents\GitHub\reservationApp-FB\app\models\services\EventService.scala:74:39: value address is not a member of forms.EventForm.EventData
[error]       eventDAO.getByAddress(eventData.address).flatMap {
[error]                                       ^
[error] four errors found
[error] (Compile / compileIncremental) Compilation failed
[debug] Running task... Cancel: Signal, check cycles: false, forcegc: true
[debug] Running task... Cancel: Signal, check cycles: false, forcegc: true
[debug] Running task... Cancel: Signal, check cycles: false, forcegc: true
[info] compiling 2 Scala sources to C:\Users\kolya\Documents\GitHub\reservationApp-FB\target\scala-2.13\classes ...
[error] C:\Users\kolya\Documents\GitHub\reservationApp-FB\app\models\daos\EventDAO.scala:28:34: recursive value address needs type
[error]     val address = String.valueOf(address)
[error]                                  ^
[error] C:\Users\kolya\Documents\GitHub\reservationApp-FB\app\models\daos\EventDAO.scala:29:3: type mismatch;
[error]  found   : Unit
[error]  required: scala.concurrent.Future[Option[models.Event]]
[error]   }
[error]   ^
[error] C:\Users\kolya\Documents\GitHub\reservationApp-FB\app\models\services\EventService.scala:74:16: value getByAddress is not a member of models.daos.EventDAO
[error]       eventDAO.getByAddress(eventData.address).flatMap {
[error]                ^
[error] C:\Users\kolya\Documents\GitHub\reservationApp-FB\app\models\services\EventService.scala:74:39: value address is not a member of forms.EventForm.EventData
[error]       eventDAO.getByAddress(eventData.address).flatMap {
[error]                                       ^
[error] four errors found
[error] (Compile / compileIncremental) Compilation failed
[debug] Running task... Cancel: Signal, check cycles: false, forcegc: true
[debug] Running task... Cancel: Signal, check cycles: false, forcegc: true
[debug] Running task... Cancel: Signal, check cycles: false, forcegc: true
[info] compiling 2 Scala sources to C:\Users\kolya\Documents\GitHub\reservationApp-FB\target\scala-2.13\classes ...
[error] C:\Users\kolya\Documents\GitHub\reservationApp-FB\app\models\daos\EventDAO.scala:28:34: recursive value address needs type
[error]     val address = String.valueOf(address)
[error]                                  ^
[error] C:\Users\kolya\Documents\GitHub\reservationApp-FB\app\models\daos\EventDAO.scala:29:3: type mismatch;
[error]  found   : Unit
[error]  required: scala.concurrent.Future[Option[models.Event]]
[error]   }
[error]   ^
[error] C:\Users\kolya\Documents\GitHub\reservationApp-FB\app\models\services\EventService.scala:74:16: value getByAddress is not a member of models.daos.EventDAO
[error]       eventDAO.getByAddress(eventData.address).flatMap {
[error]                ^
[error] C:\Users\kolya\Documents\GitHub\reservationApp-FB\app\models\services\EventService.scala:74:39: value address is not a member of forms.EventForm.EventData
[error]       eventDAO.getByAddress(eventData.address).flatMap {
[error]                                       ^
[error] four errors found
[error] (Compile / compileIncremental) Compilation failed
[debug] Running task... Cancel: Signal, check cycles: false, forcegc: true
[debug] Running task... Cancel: Signal, check cycles: false, forcegc: true
[debug] Running task... Cancel: Signal, check cycles: false, forcegc: true
[info] compiling 2 Scala sources to C:\Users\kolya\Documents\GitHub\reservationApp-FB\target\scala-2.13\classes ...
[error] C:\Users\kolya\Documents\GitHub\reservationApp-FB\app\models\daos\EventDAO.scala:29:3: type mismatch;
[error]  found   : Unit
[error]  required: scala.concurrent.Future[Option[models.Event]]
[error]   }
[error]   ^
[error] C:\Users\kolya\Documents\GitHub\reservationApp-FB\app\models\services\EventService.scala:74:16: value getByAddress is not a member of models.daos.EventDAO
[error]       eventDAO.getByAddress(eventData.address).flatMap {
[error]                ^
[error] C:\Users\kolya\Documents\GitHub\reservationApp-FB\app\models\services\EventService.scala:74:39: value address is not a member of forms.EventForm.EventData
[error]       eventDAO.getByAddress(eventData.address).flatMap {
[error]                                       ^
[error] three errors found
[error] (Compile / compileIncremental) Compilation failed
[debug] Running task... Cancel: Signal, check cycles: false, forcegc: true
[debug] Running task... Cancel: Signal, check cycles: false, forcegc: true
[debug] Running task... Cancel: Signal, check cycles: false, forcegc: true
[info] compiling 2 Scala sources to C:\Users\kolya\Documents\GitHub\reservationApp-FB\target\scala-2.13\classes ...
[error] C:\Users\kolya\Documents\GitHub\reservationApp-FB\app\models\services\EventService.scala:74:16: value getByItemID is not a member of models.daos.EventDAO
[error]       eventDAO.getByItemID(eventData.itemId).flatMap {
[error]                ^
[error] C:\Users\kolya\Documents\GitHub\reservationApp-FB\app\models\services\EventService.scala:74:38: value itemId is not a member of forms.EventForm.EventData
[error] did you mean itemID?
[error]       eventDAO.getByItemID(eventData.itemId).flatMap {
[error]                                      ^
[error] two errors found
[debug] Forcing garbage collection...
[error] (Compile / compileIncremental) Compilation failed
[debug] Running task... Cancel: Signal, check cycles: false, forcegc: true
[debug] Running task... Cancel: Signal, check cycles: false, forcegc: true
[debug] Running task... Cancel: Signal, check cycles: false, forcegc: true
[info] compiling 2 Scala sources to C:\Users\kolya\Documents\GitHub\reservationApp-FB\target\scala-2.13\classes ...
[error] C:\Users\kolya\Documents\GitHub\reservationApp-FB\app\models\services\EventService.scala:74:38: value itemId is not a member of forms.EventForm.EventData
[error] did you mean itemID?
[error]       eventDAO.getByItemID(eventData.itemId).flatMap {
[error]                                      ^
[error] one error found
[error] (Compile / compileIncremental) Compilation failed
[debug] Running task... Cancel: Signal, check cycles: false, forcegc: true
[debug] Running task... Cancel: Signal, check cycles: false, forcegc: true
[debug] Running task... Cancel: Signal, check cycles: false, forcegc: true
[info] compiling 2 Scala sources to C:\Users\kolya\Documents\GitHub\reservationApp-FB\target\scala-2.13\classes ...
[error] C:\Users\kolya\Documents\GitHub\reservationApp-FB\app\models\daos\EventDAO.scala:41:28: value itemID is not a member of EventDAO.this.Events
[error] did you mean itemId?
[error]     db.run(events.filter(_.itemID === itemID).result.headOption)
[error]                            ^
[error] C:\Users\kolya\Documents\GitHub\reservationApp-FB\app\models\daos\EventDAO.scala:41:25: ambiguous implicit values:
[error]  both value BooleanColumnCanBeQueryCondition in object CanBeQueryCondition of type slick.lifted.CanBeQueryCondition[slick.lifted.Rep[Boolean]]
[error]  and value BooleanOptionColumnCanBeQueryCondition in object CanBeQueryCondition of type slick.lifted.CanBeQueryCondition[slick.lifted.Rep[Option[Boolean]]]
[error]  match expected type slick.lifted.CanBeQueryCondition[Nothing]
[error]     db.run(events.filter(_.itemID === itemID).result.headOption)
[error]                         ^
[error] two errors found
[error] (Compile / compileIncremental) Compilation failed
[debug] Running task... Cancel: Signal, check cycles: false, forcegc: true
[debug] Running task... Cancel: Signal, check cycles: false, forcegc: true
[debug] Running task... Cancel: Signal, check cycles: false, forcegc: true
[info] compiling 2 Scala sources to C:\Users\kolya\Documents\GitHub\reservationApp-FB\target\scala-2.13\classes ...
[info] done compiling
[debug] Running task... Cancel: Signal, check cycles: false, forcegc: true
[debug] Exporting web-assets:reservationapp
[debug] Running task... Cancel: Signal, check cycles: false, forcegc: true
[debug] Running task... Cancel: Signal, check cycles: false, forcegc: true
[info] compiling 1 Scala source to C:\Users\kolya\Documents\GitHub\reservationApp-FB\target\scala-2.13\classes ...
[info] done compiling
[debug] Running task... Cancel: Signal, check cycles: false, forcegc: true
[debug] Exporting web-assets:reservationapp
[debug] Running task... Cancel: Signal, check cycles: false, forcegc: true
[debug] Running task... Cancel: Signal, check cycles: false, forcegc: true
[info] compiling 1 Scala source to C:\Users\kolya\Documents\GitHub\reservationApp-FB\target\scala-2.13\classes ...
[error] C:\Users\kolya\Documents\GitHub\reservationApp-FB\app\models\services\EventService.scala:69:47: missing parameter type for expanded function ((<x$1: error>) => Future.successful(x$1))
[error]             case Some(_) => Future.successful(_)
[error]                                               ^
[error] one error found
[debug] Forcing garbage collection...
[error] (Compile / compileIncremental) Compilation failed
[debug] Running task... Cancel: Signal, check cycles: false, forcegc: true
[debug] Running task... Cancel: Signal, check cycles: false, forcegc: true
[debug] Running task... Cancel: Signal, check cycles: false, forcegc: true
[info] compiling 1 Scala source to C:\Users\kolya\Documents\GitHub\reservationApp-FB\target\scala-2.13\classes ...
[error] C:\Users\kolya\Documents\GitHub\reservationApp-FB\app\models\services\EventService.scala:69:47: missing parameter type for expanded function ((<x$1: error>) => Future.successful(x$1))
[error]             case Some(_) => Future.successful(_)
[error]                                               ^
[error] one error found
[error] (Compile / compileIncremental) Compilation failed
[debug] Running task... Cancel: Signal, check cycles: false, forcegc: true
[debug] Running task... Cancel: Signal, check cycles: false, forcegc: true
[debug] Running task... Cancel: Signal, check cycles: false, forcegc: true
[info] compiling 1 Scala source to C:\Users\kolya\Documents\GitHub\reservationApp-FB\target\scala-2.13\classes ...
[error] C:\Users\kolya\Documents\GitHub\reservationApp-FB\app\models\services\EventService.scala:69:47: missing parameter type for expanded function ((<x$1: error>) => Future.successful(x$1))
[error]             case Some(_) => Future.successful(_)
[error]                                               ^
[error] one error found
[error] (Compile / compileIncremental) Compilation failed
[debug] Running task... Cancel: Signal, check cycles: false, forcegc: true
[debug] Running task... Cancel: Signal, check cycles: false, forcegc: true
[debug] Running task... Cancel: Signal, check cycles: false, forcegc: true
[info] compiling 1 Scala source to C:\Users\kolya\Documents\GitHub\reservationApp-FB\target\scala-2.13\classes ...
[error] C:\Users\kolya\Documents\GitHub\reservationApp-FB\app\models\services\EventService.scala:69:47: missing parameter type for expanded function ((<x$1: error>) => Future.successful(x$1))
[error]             case Some(_) => Future.successful(_)
[error]                                               ^
[error] one error found
[error] (Compile / compileIncremental) Compilation failed
[debug] Running task... Cancel: Signal, check cycles: false, forcegc: true
[debug] Running task... Cancel: Signal, check cycles: false, forcegc: true
[debug] Running task... Cancel: Signal, check cycles: false, forcegc: true
[info] compiling 1 Scala source to C:\Users\kolya\Documents\GitHub\reservationApp-FB\target\scala-2.13\classes ...
[info] done compiling
[debug] Running task... Cancel: Signal, check cycles: false, forcegc: true
[debug] Exporting web-assets:reservationapp
[debug] Running task... Cancel: Signal, check cycles: false, forcegc: true
[debug] Running task... Cancel: Signal, check cycles: false, forcegc: true
[info] compiling 1 Scala source to C:\Users\kolya\Documents\GitHub\reservationApp-FB\target\scala-2.13\classes ...
[error] C:\Users\kolya\Documents\GitHub\reservationApp-FB\app\models\services\EventService.scala:66:58: type mismatch;
[error]  found   : scala.concurrent.Future[Product with models.services.EventResult with java.io.Serializable]
[error]  required: Option[models.Event] => scala.concurrent.Future[models.services.EventResult]
[error]           eventDAO.getByItemID(eventData.itemID).flatMap {
[error]                                                          ^
[error] one error found
[error] (Compile / compileIncremental) Compilation failed
[debug] Running task... Cancel: Signal, check cycles: false, forcegc: true
[debug] Running task... Cancel: Signal, check cycles: false, forcegc: true
[debug] Running task... Cancel: Signal, check cycles: false, forcegc: true
[info] compiling 1 Scala source to C:\Users\kolya\Documents\GitHub\reservationApp-FB\target\scala-2.13\classes ...
[error] C:\Users\kolya\Documents\GitHub\reservationApp-FB\app\models\services\EventService.scala:66:58: type mismatch;
[error]  found   : scala.concurrent.Future[Product with models.services.EventResult with java.io.Serializable]
[error]  required: Option[models.Event] => scala.concurrent.Future[models.services.EventResult]
[error]           eventDAO.getByItemID(eventData.itemID).flatMap {
[error]                                                          ^
[error] one error found
[error] (Compile / compileIncremental) Compilation failed
[debug] Running task... Cancel: Signal, check cycles: false, forcegc: true
[debug] Running task... Cancel: Signal, check cycles: false, forcegc: true
[debug] Running task... Cancel: Signal, check cycles: false, forcegc: true
[info] compiling 1 Scala source to C:\Users\kolya\Documents\GitHub\reservationApp-FB\target\scala-2.13\classes ...
[error] C:\Users\kolya\Documents\GitHub\reservationApp-FB\app\models\services\EventService.scala:66:58: type mismatch;
[error]  found   : scala.concurrent.Future[Product with models.services.EventResult with java.io.Serializable]
[error]  required: Option[models.Event] => scala.concurrent.Future[models.services.EventResult]
[error]           eventDAO.getByItemID(eventData.itemID).flatMap {
[error]                                                          ^
[error] one error found
[error] (Compile / compileIncremental) Compilation failed
[debug] Running task... Cancel: Signal, check cycles: false, forcegc: true
[debug] Running task... Cancel: Signal, check cycles: false, forcegc: true
[debug] Running task... Cancel: Signal, check cycles: false, forcegc: true
[info] compiling 1 Scala source to C:\Users\kolya\Documents\GitHub\reservationApp-FB\target\scala-2.13\classes ...
[error] C:\Users\kolya\Documents\GitHub\reservationApp-FB\app\models\services\EventService.scala:66:58: type mismatch;
[error]  found   : scala.concurrent.Future[Product with models.services.EventResult with java.io.Serializable]
[error]  required: Option[models.Event] => scala.concurrent.Future[models.services.EventResult]
[error]           eventDAO.getByItemID(eventData.itemID).flatMap {
[error]                                                          ^
[error] one error found
[error] (Compile / compileIncremental) Compilation failed
[debug] Running task... Cancel: Signal, check cycles: false, forcegc: true
[debug] Running task... Cancel: Signal, check cycles: false, forcegc: true
[debug] Running task... Cancel: Signal, check cycles: false, forcegc: true
[info] compiling 1 Scala source to C:\Users\kolya\Documents\GitHub\reservationApp-FB\target\scala-2.13\classes ...
[info] done compiling
[debug] Running task... Cancel: Signal, check cycles: false, forcegc: true
[debug] Exporting web-assets:reservationapp
[debug] Running task... Cancel: Signal, check cycles: false, forcegc: true
[debug] Running task... Cancel: Signal, check cycles: false, forcegc: true
[info] compiling 1 Scala source to C:\Users\kolya\Documents\GitHub\reservationApp-FB\target\scala-2.13\classes ...
[info] done compiling
[debug] Running task... Cancel: Signal, check cycles: false, forcegc: true
[debug] Exporting web-assets:reservationapp
[debug] Running task... Cancel: Signal, check cycles: false, forcegc: true
[debug] Running task... Cancel: Signal, check cycles: false, forcegc: true
[info] compiling 1 Scala source to C:\Users\kolya\Documents\GitHub\reservationApp-FB\target\scala-2.13\classes ...
[info] done compiling
[debug] Running task... Cancel: Signal, check cycles: false, forcegc: true
[debug] Exporting web-assets:reservationapp
[debug] Running task... Cancel: Signal, check cycles: false, forcegc: true
[debug] Running task... Cancel: Signal, check cycles: false, forcegc: true
[info] compiling 1 Scala source to C:\Users\kolya\Documents\GitHub\reservationApp-FB\target\scala-2.13\classes ...
[error] C:\Users\kolya\Documents\GitHub\reservationApp-FB\app\models\services\EventService.scala:117:34: type mismatch;
[error]  found   : scala.concurrent.Future[models.services.EventResult]
[error]  required: Option[models.Event] => scala.concurrent.Future[models.services.EventResult]
[error]               updateEventFunction(eventID, eventData, members, newEndDateTime, currentUser)
[error]                                  ^
[error] one error found
[error] (Compile / compileIncremental) Compilation failed
[debug] Running task... Cancel: Signal, check cycles: false, forcegc: true
[debug] Running task... Cancel: Signal, check cycles: false, forcegc: true
[debug] Running task... Cancel: Signal, check cycles: false, forcegc: true
[info] compiling 1 Scala source to C:\Users\kolya\Documents\GitHub\reservationApp-FB\target\scala-2.13\classes ...
[info] done compiling
[debug] Running task... Cancel: Signal, check cycles: false, forcegc: true
[debug] Exporting web-assets:reservationapp
[debug] Running task... Cancel: Signal, check cycles: false, forcegc: true
[debug] Running task... Cancel: Signal, check cycles: false, forcegc: true
[info] compiling 1 Scala source to C:\Users\kolya\Documents\GitHub\reservationApp-FB\target\scala-2.13\classes ...
[info] done compiling
[debug] Forcing garbage collection...
[debug] Running task... Cancel: Signal, check cycles: false, forcegc: true
[debug] Exporting web-assets:reservationapp
[debug] Running task... Cancel: Signal, check cycles: false, forcegc: true
[debug] Running task... Cancel: Signal, check cycles: false, forcegc: true
[info] compiling 1 Scala source to C:\Users\kolya\Documents\GitHub\reservationApp-FB\target\scala-2.13\classes ...
[info] done compiling
[debug] Running task... Cancel: Signal, check cycles: false, forcegc: true
[debug] Exporting web-assets:reservationapp
[debug] Running task... Cancel: Signal, check cycles: false, forcegc: true
[debug] Running task... Cancel: Signal, check cycles: false, forcegc: true
[info] compiling 1 Scala source to C:\Users\kolya\Documents\GitHub\reservationApp-FB\target\scala-2.13\classes ...
[error] C:\Users\kolya\Documents\GitHub\reservationApp-FB\app\models\services\EventService.scala:71:219: too many arguments (found 8, expected 7) for method apply: (id: Long, startDateTime: java.time.LocalDate, endDateTime: java.time.LocalDate, orgUserId: java.util.UUID, members: Option[play.api.libs.json.JsValue], itemId: Long, description: Option[String]): models.Event in object Event
[error]                   eventDAO.add(Event(-1, eventData.title, eventData.startDateTime, newEndDateTime, UUID.fromString(eventData.orgUserID), Some(Json.obj("users" -> Json.toJson(memberUsers))), eventData.itemID, eventData.description))
[error]                                                                                                                                                                                                                           ^
[error] one error found
[error] (Compile / compileIncremental) Compilation failed
[debug] Running task... Cancel: Signal, check cycles: false, forcegc: true
[debug] Running task... Cancel: Signal, check cycles: false, forcegc: true
[debug] Running task... Cancel: Signal, check cycles: false, forcegc: true
[info] compiling 1 Scala source to C:\Users\kolya\Documents\GitHub\reservationApp-FB\target\scala-2.13\classes ...
[info] done compiling
[debug] Running task... Cancel: Signal, check cycles: false, forcegc: true
[debug] Exporting web-assets:reservationapp
[debug] Running task... Cancel: Signal, check cycles: false, forcegc: true
[debug] Running task... Cancel: Signal, check cycles: false, forcegc: true
[info] compiling 1 Scala source to C:\Users\kolya\Documents\GitHub\reservationApp-FB\target\scala-2.13\classes ...
[info] done compiling
[debug] Running task... Cancel: Signal, check cycles: false, forcegc: true
[debug] Exporting web-assets:reservationapp
[debug] Running task... Cancel: Signal, check cycles: false, forcegc: true
