[debug] > Exec(run, None, None)
[debug] Evaluating tasks: Compile / run
[debug] Running task... Cancel: Signal, check cycles: false, forcegc: true
[debug] Running task... Cancel: Signal, check cycles: false, forcegc: true
[debug] Running task... Cancel: Signal, check cycles: false, forcegc: true
[debug] Exporting web-assets:reservationapp
[debug] Running task... Cancel: Signal, check cycles: false, forcegc: true
[debug] Running task... Cancel: Signal, check cycles: false, forcegc: true
[debug] Running task... Cancel: Signal, check cycles: false, forcegc: true
[debug] Exporting web-assets:reservationapp
[debug] Running task... Cancel: Signal, check cycles: false, forcegc: true
[debug] Running task... Cancel: Signal, check cycles: false, forcegc: true
[info] compiling 1 Scala source to C:\Users\kolya\Documents\GitHub\reservationApp-FB\target\scala-2.13\classes ...
[error] C:\Users\kolya\Documents\GitHub\reservationApp-FB\app\forms\EventForm.scala:19:50: value minusMinutes is not a member of play.api.data.Mapping[java.time.LocalDate]
[error]       "startDateTime" -> localDate("yyyy-MM-dd").minusMinutes(1),
[error]                                                  ^
[error] C:\Users\kolya\Documents\GitHub\reservationApp-FB\app\forms\EventForm.scala:25:34: missing argument list for method unapply in object EventData
[error] Unapplied methods are only converted to functions when a function type is expected.
[error] You can make this conversion explicit by writing `unapply _` or `unapply(_)` instead of `unapply`.
[error]     )(EventData.apply)(EventData.unapply)
[error]                                  ^
[error] two errors found
[error] (Compile / compileIncremental) Compilation failed
[debug] Running task... Cancel: Signal, check cycles: false, forcegc: true
[debug] Running task... Cancel: Signal, check cycles: false, forcegc: true
[debug] Running task... Cancel: Signal, check cycles: false, forcegc: true
[info] compiling 1 Scala source to C:\Users\kolya\Documents\GitHub\reservationApp-FB\target\scala-2.13\classes ...
[error] C:\Users\kolya\Documents\GitHub\reservationApp-FB\app\forms\EventForm.scala:19:50: identifier expected but '.' found.
[error]       "startDateTime" -> localDate("yyyy-MM-dd")..plusMinutes(30),
[error]                                                  ^
[error] one error found
[error] (Compile / compileIncremental) Compilation failed
[debug] Running task... Cancel: Signal, check cycles: false, forcegc: true
[debug] Running task... Cancel: Signal, check cycles: false, forcegc: true
[debug] Running task... Cancel: Signal, check cycles: false, forcegc: true
[info] compiling 1 Scala source to C:\Users\kolya\Documents\GitHub\reservationApp-FB\target\scala-2.13\classes ...
[error] C:\Users\kolya\Documents\GitHub\reservationApp-FB\app\forms\EventForm.scala:19:50: value plusMinutes is not a member of play.api.data.Mapping[java.time.LocalDate]
[error]       "startDateTime" -> localDate("yyyy-MM-dd").plusMinutes(30),
[error]                                                  ^
[error] C:\Users\kolya\Documents\GitHub\reservationApp-FB\app\forms\EventForm.scala:25:34: missing argument list for method unapply in object EventData
[error] Unapplied methods are only converted to functions when a function type is expected.
[error] You can make this conversion explicit by writing `unapply _` or `unapply(_)` instead of `unapply`.
[error]     )(EventData.apply)(EventData.unapply)
[error]                                  ^
[error] two errors found
[error] (Compile / compileIncremental) Compilation failed
[debug] Running task... Cancel: Signal, check cycles: false, forcegc: true
[debug] Running task... Cancel: Signal, check cycles: false, forcegc: true
[debug] Running task... Cancel: Signal, check cycles: false, forcegc: true
[debug] Running task... Cancel: Signal, check cycles: false, forcegc: true
[debug] Exporting web-assets:reservationapp
[debug] Running task... Cancel: Signal, check cycles: false, forcegc: true
