[debug] > Exec(run, None, None)
[debug] Evaluating tasks: Compile / run
[debug] Running task... Cancel: Signal, check cycles: false, forcegc: true
[debug] Running task... Cancel: Signal, check cycles: false, forcegc: true
[debug] Running task... Cancel: Signal, check cycles: false, forcegc: true
[debug] Exporting web-assets:reservationapp
[debug] Running task... Cancel: Signal, check cycles: false, forcegc: true
[debug] Running task... Cancel: Signal, check cycles: false, forcegc: true
[info] compiling 1 Scala source to C:\Users\kolya\Documents\GitHub\reservationApp-FB\target\scala-2.13\classes ...
[error] C:\Users\kolya\Documents\GitHub\reservationApp-FB\app\controllers\ChangePasswordController.scala:50:69: value email is not a member of (String, String, String, String, String, String, String)
[error]             val loginInfo1 = LoginInfo(CredentialsProvider.ID, data.email)
[error]                                                                     ^
[error] one error found
[debug] Forcing garbage collection...
[error] (Compile / compileIncremental) Compilation failed
[debug] Running task... Cancel: Signal, check cycles: false, forcegc: true
[debug] Running task... Cancel: Signal, check cycles: false, forcegc: true
[debug] Running task... Cancel: Signal, check cycles: false, forcegc: true
[info] compiling 1 Scala source to C:\Users\kolya\Documents\GitHub\reservationApp-FB\target\scala-2.13\classes ...
[info] done compiling
[debug] Running task... Cancel: Signal, check cycles: false, forcegc: true
[debug] Exporting web-assets:reservationapp
[debug] Running task... Cancel: Signal, check cycles: false, forcegc: true
[debug] Running task... Cancel: Signal, check cycles: false, forcegc: true
[info] compiling 1 Scala source to C:\Users\kolya\Documents\GitHub\reservationApp-FB\target\scala-2.13\classes ...
[info] done compiling
[debug] Running task... Cancel: Signal, check cycles: false, forcegc: true
[debug] Exporting web-assets:reservationapp
[debug] Running task... Cancel: Signal, check cycles: false, forcegc: true
[debug] Running task... Cancel: Signal, check cycles: false, forcegc: true
[info] compiling 1 Scala source to C:\Users\kolya\Documents\GitHub\reservationApp-FB\target\scala-2.13\classes ...
[error] C:\Users\kolya\Documents\GitHub\reservationApp-FB\app\controllers\ChangePasswordController.scala:48:15: constructor cannot be instantiated to expected type;
[error]  found   : (T1, T2, T3)
[error]  required: (String, String, String, String, String, String, String)
[error]           val (currentPassword, newPassword, _) = data
[error]               ^
[error] C:\Users\kolya\Documents\GitHub\reservationApp-FB\app\controllers\ChangePasswordController.scala:51:32: not found: value passwordHasherRegistry
[error]             val passwordInfo = passwordHasherRegistry.current.hash(newPassword)
[error]                                ^
[error] two errors found
[debug] Forcing garbage collection...
[error] (Compile / compileIncremental) Compilation failed
[debug] Running task... Cancel: Signal, check cycles: false, forcegc: true
[debug] Running task... Cancel: Signal, check cycles: false, forcegc: true
[debug] Running task... Cancel: Signal, check cycles: false, forcegc: true
[info] compiling 2 Scala sources to C:\Users\kolya\Documents\GitHub\reservationApp-FB\target\scala-2.13\classes ...
[error] C:\Users\kolya\Documents\GitHub\reservationApp-FB\app\controllers\ChangePasswordController.scala:51:32: not found: value passwordHasherRegistry
[error]             val passwordInfo = passwordHasherRegistry.current.hash(newPassword)
[error]                                ^
[error] one error found
[error] (Compile / compileIncremental) Compilation failed
[debug] Running task... Cancel: Signal, check cycles: false, forcegc: true
[debug] Running task... Cancel: Signal, check cycles: false, forcegc: true
[debug] Running task... Cancel: Signal, check cycles: false, forcegc: true
[info] compiling 2 Scala sources to C:\Users\kolya\Documents\GitHub\reservationApp-FB\target\scala-2.13\classes ...
[info] done compiling
[debug] Running task... Cancel: Signal, check cycles: false, forcegc: true
[debug] Exporting web-assets:reservationapp
[debug] Running task... Cancel: Signal, check cycles: false, forcegc: true
[debug] Running task... Cancel: Signal, check cycles: false, forcegc: true
[info] compiling 1 Scala source to C:\Users\kolya\Documents\GitHub\reservationApp-FB\target\scala-2.13\classes ...
[info] done compiling
[debug] Running task... Cancel: Signal, check cycles: false, forcegc: true
[debug] Exporting web-assets:reservationapp
[debug] Running task... Cancel: Signal, check cycles: false, forcegc: true
[debug] Running task... Cancel: Signal, check cycles: false, forcegc: true
[info] compiling 1 Scala source to C:\Users\kolya\Documents\GitHub\reservationApp-FB\target\scala-2.13\classes ...
[info] done compiling
[debug] Running task... Cancel: Signal, check cycles: false, forcegc: true
[debug] Exporting web-assets:reservationapp
[debug] Running task... Cancel: Signal, check cycles: false, forcegc: true
[debug] Running task... Cancel: Signal, check cycles: false, forcegc: true
[info] compiling 3 Scala sources to C:\Users\kolya\Documents\GitHub\reservationApp-FB\target\scala-2.13\classes ...
[info] done compiling
[info] compiling 1 Java source to C:\Users\kolya\Documents\GitHub\reservationApp-FB\target\scala-2.13\classes ...
[info] done compiling
[debug] Forcing garbage collection...
[debug] Running task... Cancel: Signal, check cycles: false, forcegc: true
[debug] Exporting web-assets:reservationapp
[debug] Running task... Cancel: Signal, check cycles: false, forcegc: true
