[debug] > Exec(run, None, None)
[debug] Evaluating tasks: Compile / run
[debug] Running task... Cancel: Signal, check cycles: false, forcegc: true
[debug] Running task... Cancel: Signal, check cycles: false, forcegc: true
[debug] Running task... Cancel: Signal, check cycles: false, forcegc: true
[debug] Exporting web-assets:reservationapp
[debug] Running task... Cancel: Signal, check cycles: false, forcegc: true
[debug] Running task... Cancel: Signal, check cycles: false, forcegc: true
[info] compiling 2 Scala sources to C:\Users\kolya\Documents\GitHub\reservationApp-FB\target\scala-2.13\classes ...
[info] done compiling
[debug] Forcing garbage collection...
[debug] Running task... Cancel: Signal, check cycles: false, forcegc: true
[debug] Exporting web-assets:reservationapp
[debug] Running task... Cancel: Signal, check cycles: false, forcegc: true
[debug] Running task... Cancel: Signal, check cycles: false, forcegc: true
[info] compiling 2 Scala sources to C:\Users\kolya\Documents\GitHub\reservationApp-FB\target\scala-2.13\classes ...
[error] C:\Users\kolya\Documents\GitHub\reservationApp-FB\app\models\services\SignUpService.scala:38:82: not found: value authInfo
[error]               _ <- authenticateService.addAuthenticateMethod(user.id, loginInfo, authInfo)
[error]                                                                                  ^
[error] one error found
[error] (Compile / compileIncremental) Compilation failed
[debug] Running task... Cancel: Signal, check cycles: false, forcegc: true
[debug] Running task... Cancel: Signal, check cycles: false, forcegc: true
[debug] Running task... Cancel: Signal, check cycles: false, forcegc: true
[info] compiling 2 Scala sources to C:\Users\kolya\Documents\GitHub\reservationApp-FB\target\scala-2.13\classes ...
[error] C:\Users\kolya\Documents\GitHub\reservationApp-FB\app\models\services\SignUpService.scala:38:82: not found: value authInfo
[error]               _ <- authenticateService.addAuthenticateMethod(user.id, loginInfo, authInfo)
[error]                                                                                  ^
[error] one error found
[error] (Compile / compileIncremental) Compilation failed
[debug] Running task... Cancel: Signal, check cycles: false, forcegc: true
[debug] Running task... Cancel: Signal, check cycles: false, forcegc: true
[debug] Running task... Cancel: Signal, check cycles: false, forcegc: true
[info] compiling 2 Scala sources to C:\Users\kolya\Documents\GitHub\reservationApp-FB\target\scala-2.13\classes ...
[info] done compiling
[debug] Running task... Cancel: Signal, check cycles: false, forcegc: true
[debug] Exporting web-assets:reservationapp
[debug] Running task... Cancel: Signal, check cycles: false, forcegc: true
[debug] Running task... Cancel: Signal, check cycles: false, forcegc: true
[info] compiling 1 Scala source to C:\Users\kolya\Documents\GitHub\reservationApp-FB\target\scala-2.13\classes ...
[error] C:\Users\kolya\Documents\GitHub\reservationApp-FB\app\models\services\UserServiceImpl.scala:91:23: value === is not a member of String
[error]             user.name === name,
[error]                       ^
[error] one error found
[error] (Compile / compileIncremental) Compilation failed
[debug] Running task... Cancel: Signal, check cycles: false, forcegc: true
[debug] Running task... Cancel: Signal, check cycles: false, forcegc: true
[debug] Running task... Cancel: Signal, check cycles: false, forcegc: true
[info] compiling 2 Scala sources to C:\Users\kolya\Documents\GitHub\reservationApp-FB\target\scala-2.13\classes ...
[error] C:\Users\kolya\Documents\GitHub\reservationApp-FB\app\models\daos\UserDAOImpl.scala:98:57: type mismatch;
[error]  found   : slick.sql.SqlAction[Option[UserDAOImpl.this.DBUser],slick.dbio.NoStream,slick.dbio.Effect.Read]
[error]  required: slick.dbio.DBIOAction[Option[models.User],slick.dbio.NoStream,Nothing]
[error]     db.run(users.filter(_.name === name).take(1).result.headOption)
[error]                                                         ^
[error] C:\Users\kolya\Documents\GitHub\reservationApp-FB\app\models\services\UserServiceImpl.scala:98:46: not enough arguments for method apply: (id: java.util.UUID, name: String, lastName: String, position: String, email: String, role: Option[String]): models.User in object User.
[error] Unspecified value parameters id, lastName, position...
[error]             case Some(_) => userDAO.save(User(name = name))
[error]                                              ^
[error] C:\Users\kolya\Documents\GitHub\reservationApp-FB\app\models\services\UserServiceImpl.scala:99:43: not enough arguments for method apply: (id: java.util.UUID, name: String, lastName: String, position: String, email: String, role: Option[String]): models.User in object User.
[error] Unspecified value parameters id, lastName, position...
[error]             case None => userDAO.save(User(name = name))
[error]                                           ^
[error] three errors found
[debug] Forcing garbage collection...
[error] (Compile / compileIncremental) Compilation failed
[debug] Running task... Cancel: Signal, check cycles: false, forcegc: true
[debug] Running task... Cancel: Signal, check cycles: false, forcegc: true
[debug] Running task... Cancel: Signal, check cycles: false, forcegc: true
[info] compiling 1 Scala source to C:\Users\kolya\Documents\GitHub\reservationApp-FB\target\scala-2.13\classes ...
[error] C:\Users\kolya\Documents\GitHub\reservationApp-FB\app\models\services\UserServiceImpl.scala:98:46: not enough arguments for method apply: (id: java.util.UUID, name: String, lastName: String, position: String, email: String, role: Option[String]): models.User in object User.
[error] Unspecified value parameters id, lastName, position...
[error]             case Some(_) => userDAO.save(User(name = name))
[error]                                              ^
[error] C:\Users\kolya\Documents\GitHub\reservationApp-FB\app\models\services\UserServiceImpl.scala:99:43: not enough arguments for method apply: (id: java.util.UUID, name: String, lastName: String, position: String, email: String, role: Option[String]): models.User in object User.
[error] Unspecified value parameters id, lastName, position...
[error]             case None => userDAO.save(User(name = name))
[error]                                           ^
[error] two errors found
[error] (Compile / compileIncremental) Compilation failed
[debug] Running task... Cancel: Signal, check cycles: false, forcegc: true
[debug] Running task... Cancel: Signal, check cycles: false, forcegc: true
[debug] Running task... Cancel: Signal, check cycles: false, forcegc: true
[info] compiling 1 Scala source to C:\Users\kolya\Documents\GitHub\reservationApp-FB\target\scala-2.13\classes ...
[info] done compiling
[debug] Running task... Cancel: Signal, check cycles: false, forcegc: true
[debug] Exporting web-assets:reservationapp
[debug] Running task... Cancel: Signal, check cycles: false, forcegc: true
[debug] Running task... Cancel: Signal, check cycles: false, forcegc: true
[info] compiling 3 Scala sources to C:\Users\kolya\Documents\GitHub\reservationApp-FB\target\scala-2.13\classes ...
[info] done compiling
[info] compiling 1 Java source to C:\Users\kolya\Documents\GitHub\reservationApp-FB\target\scala-2.13\classes ...
[info] done compiling
[debug] Running task... Cancel: Signal, check cycles: false, forcegc: true
[debug] Exporting web-assets:reservationapp
[debug] Running task... Cancel: Signal, check cycles: false, forcegc: true
[debug] Running task... Cancel: Signal, check cycles: false, forcegc: true
[info] compiling 5 Scala sources to C:\Users\kolya\Documents\GitHub\reservationApp-FB\target\scala-2.13\classes ...
[error] C:\Users\kolya\Documents\GitHub\reservationApp-FB\app\controllers\UserController.scala:92:54: not enough arguments for method update: (loginInfo: com.mohiva.play.silhouette.api.LoginInfo, authInfo: com.mohiva.play.silhouette.api.util.PasswordInfo): scala.concurrent.Future[com.mohiva.play.silhouette.api.util.PasswordInfo].
[error] Unspecified value parameter authInfo.
[error]               authInfoRepository.update[PasswordInfo](loginInfo)
[error]                                                      ^
[error] C:\Users\kolya\Documents\GitHub\reservationApp-FB\app\models\daos\UserDAOImpl.scala:113:42: missing argument list for method update in class UpdateActionExtensionMethodsImpl
[error] Unapplied methods are only converted to functions when a function type is expected.
[error] You can make this conversion explicit by writing `update _` or `update(_)` instead of `update`.
[error]     db.run(users.filter(_.id === userId).update.map(_ > 0))
[error]                                          ^
[error] C:\Users\kolya\Documents\GitHub\reservationApp-FB\app\models\services\UserServiceImpl.scala:129:18: value update is not a member of models.daos.LoginInfoDAO
[error]     loginInfoDAO.update.saveUserLoginInfo(userID, loginInfo)
[error]                  ^
[error] three errors found
[debug] Forcing garbage collection...
[error] (Compile / compileIncremental) Compilation failed
[debug] Running task... Cancel: Signal, check cycles: false, forcegc: true
[debug] Running task... Cancel: Signal, check cycles: false, forcegc: true
[debug] Running task... Cancel: Signal, check cycles: false, forcegc: true
[info] compiling 5 Scala sources to C:\Users\kolya\Documents\GitHub\reservationApp-FB\target\scala-2.13\classes ...
[error] C:\Users\kolya\Documents\GitHub\reservationApp-FB\app\controllers\UserController.scala:92:54: not enough arguments for method update: (loginInfo: com.mohiva.play.silhouette.api.LoginInfo, authInfo: com.mohiva.play.silhouette.api.util.PasswordInfo): scala.concurrent.Future[com.mohiva.play.silhouette.api.util.PasswordInfo].
[error] Unspecified value parameter authInfo.
[error]               authInfoRepository.update[PasswordInfo](loginInfo)
[error]                                                      ^
[error] C:\Users\kolya\Documents\GitHub\reservationApp-FB\app\models\daos\UserDAOImpl.scala:113:42: missing argument list for method update in class UpdateActionExtensionMethodsImpl
[error] Unapplied methods are only converted to functions when a function type is expected.
[error] You can make this conversion explicit by writing `update _` or `update(_)` instead of `update`.
[error]     db.run(users.filter(_.id === userId).update.map(_ > 0))
[error]                                          ^
[error] C:\Users\kolya\Documents\GitHub\reservationApp-FB\app\models\services\UserServiceImpl.scala:129:18: value update is not a member of models.daos.LoginInfoDAO
[error]     loginInfoDAO.update.saveUserLoginInfo(userID, loginInfo)
[error]                  ^
[error] three errors found
[error] (Compile / compileIncremental) Compilation failed
[debug] Running task... Cancel: Signal, check cycles: false, forcegc: true
[debug] Running task... Cancel: Signal, check cycles: false, forcegc: true
[debug] Running task... Cancel: Signal, check cycles: false, forcegc: true
[info] compiling 5 Scala sources to C:\Users\kolya\Documents\GitHub\reservationApp-FB\target\scala-2.13\classes ...
[error] C:\Users\kolya\Documents\GitHub\reservationApp-FB\app\controllers\UserController.scala:92:66: not found: value passwordInfo
[error]               authInfoRepository.update[PasswordInfo](loginInfo, passwordInfo).map { _ =>
[error]                                                                  ^
[error] C:\Users\kolya\Documents\GitHub\reservationApp-FB\app\controllers\UserController.scala:93:77: not found: value Messages
[error]                 Ok(Json.toJson(Json.obj("status" -> "success", "message" -> Messages("success.password.changed"))))
[error]                                                                             ^
[error] C:\Users\kolya\Documents\GitHub\reservationApp-FB\app\models\daos\UserDAOImpl.scala:113:42: missing argument list for method update in class UpdateActionExtensionMethodsImpl
[error] Unapplied methods are only converted to functions when a function type is expected.
[error] You can make this conversion explicit by writing `update _` or `update(_)` instead of `update`.
[error]     db.run(users.filter(_.id === userId).update.map(_ > 0))
[error]                                          ^
[error] C:\Users\kolya\Documents\GitHub\reservationApp-FB\app\models\services\UserServiceImpl.scala:129:18: value update is not a member of models.daos.LoginInfoDAO
[error]     loginInfoDAO.update.saveUserLoginInfo(userID, loginInfo)
[error]                  ^
[error] four errors found
[error] (Compile / compileIncremental) Compilation failed
[debug] Running task... Cancel: Signal, check cycles: false, forcegc: true
[debug] Running task... Cancel: Signal, check cycles: false, forcegc: true
[debug] Running task... Cancel: Signal, check cycles: false, forcegc: true
[info] compiling 5 Scala sources to C:\Users\kolya\Documents\GitHub\reservationApp-FB\target\scala-2.13\classes ...
[error] C:\Users\kolya\Documents\GitHub\reservationApp-FB\app\models\daos\UserDAOImpl.scala:113:42: missing argument list for method update in class UpdateActionExtensionMethodsImpl
[error] Unapplied methods are only converted to functions when a function type is expected.
[error] You can make this conversion explicit by writing `update _` or `update(_)` instead of `update`.
[error]     db.run(users.filter(_.id === userId).update.map(_ > 0))
[error]                                          ^
[error] C:\Users\kolya\Documents\GitHub\reservationApp-FB\app\models\services\UserServiceImpl.scala:129:18: value update is not a member of models.daos.LoginInfoDAO
[error]     loginInfoDAO.update.saveUserLoginInfo(userID, loginInfo)
[error]                  ^
[error] two errors found
[error] (Compile / compileIncremental) Compilation failed
[debug] Running task... Cancel: Signal, check cycles: false, forcegc: true
[debug] Running task... Cancel: Signal, check cycles: false, forcegc: true
[debug] Running task... Cancel: Signal, check cycles: false, forcegc: true
[info] compiling 5 Scala sources to C:\Users\kolya\Documents\GitHub\reservationApp-FB\target\scala-2.13\classes ...
[error] C:\Users\kolya\Documents\GitHub\reservationApp-FB\app\models\daos\UserDAOImpl.scala:113:42: missing argument list for method update in class UpdateActionExtensionMethodsImpl
[error] Unapplied methods are only converted to functions when a function type is expected.
[error] You can make this conversion explicit by writing `update _` or `update(_)` instead of `update`.
[error]     db.run(users.filter(_.id === userId).update.map(_ > 0))
[error]                                          ^
[error] C:\Users\kolya\Documents\GitHub\reservationApp-FB\app\models\services\UserServiceImpl.scala:111:18: value update is not a member of models.daos.LoginInfoDAO
[error]     loginInfoDAO.update.saveUserLoginInfo(userID, loginInfo)
[error]                  ^
[error] two errors found
[error] (Compile / compileIncremental) Compilation failed
[debug] Running task... Cancel: Signal, check cycles: false, forcegc: true
[debug] Running task... Cancel: Signal, check cycles: false, forcegc: true
[debug] Running task... Cancel: Signal, check cycles: false, forcegc: true
[info] compiling 5 Scala sources to C:\Users\kolya\Documents\GitHub\reservationApp-FB\target\scala-2.13\classes ...
[error] C:\Users\kolya\Documents\GitHub\reservationApp-FB\app\models\daos\UserDAOImpl.scala:113:48: value user is not a member of UserDAOImpl.this.Users
[error]     db.run(users.filter(_.id === userId).map(_.user).update.map(_ > 0))
[error]                                                ^
[error] C:\Users\kolya\Documents\GitHub\reservationApp-FB\app\models\services\UserServiceImpl.scala:111:18: value update is not a member of models.daos.LoginInfoDAO
[error]     loginInfoDAO.update.saveUserLoginInfo(userID, loginInfo)
[error]                  ^
[error] two errors found
[debug] Forcing garbage collection...
[error] (Compile / compileIncremental) Compilation failed
[debug] Running task... Cancel: Signal, check cycles: false, forcegc: true
[debug] Running task... Cancel: Signal, check cycles: false, forcegc: true
[debug] Running task... Cancel: Signal, check cycles: false, forcegc: true
[info] compiling 5 Scala sources to C:\Users\kolya\Documents\GitHub\reservationApp-FB\target\scala-2.13\classes ...
[error] C:\Users\kolya\Documents\GitHub\reservationApp-FB\app\models\daos\UserDAOImpl.scala:113:42: missing argument list for method update in class UpdateActionExtensionMethodsImpl
[error] Unapplied methods are only converted to functions when a function type is expected.
[error] You can make this conversion explicit by writing `update _` or `update(_)` instead of `update`.
[error]     db.run(users.filter(_.id === userId).update.map(_ > 0))
[error]                                          ^
[error] C:\Users\kolya\Documents\GitHub\reservationApp-FB\app\models\services\UserServiceImpl.scala:111:18: value update is not a member of models.daos.LoginInfoDAO
[error]     loginInfoDAO.update.saveUserLoginInfo(userID, loginInfo)
[error]                  ^
[error] two errors found
[error] (Compile / compileIncremental) Compilation failed
[debug] Running task... Cancel: Signal, check cycles: false, forcegc: true
[debug] Running task... Cancel: Signal, check cycles: false, forcegc: true
[debug] Running task... Cancel: Signal, check cycles: false, forcegc: true
[info] compiling 5 Scala sources to C:\Users\kolya\Documents\GitHub\reservationApp-FB\target\scala-2.13\classes ...
[error] C:\Users\kolya\Documents\GitHub\reservationApp-FB\app\models\daos\UserDAOImpl.scala:113:61: not found: value name
[error]     db.run(users.filter(_.id === userId).map(_.name).update(name).map(_ > 0))
[error]                                                             ^
[error] C:\Users\kolya\Documents\GitHub\reservationApp-FB\app\models\services\UserServiceImpl.scala:111:18: value update is not a member of models.daos.LoginInfoDAO
[error]     loginInfoDAO.update.saveUserLoginInfo(userID, loginInfo)
[error]                  ^
[error] two errors found
[error] (Compile / compileIncremental) Compilation failed
[debug] Running task... Cancel: Signal, check cycles: false, forcegc: true
[debug] Running task... Cancel: Signal, check cycles: false, forcegc: true
[debug] Running task... Cancel: Signal, check cycles: false, forcegc: true
[info] compiling 5 Scala sources to C:\Users\kolya\Documents\GitHub\reservationApp-FB\target\scala-2.13\classes ...
[error] C:\Users\kolya\Documents\GitHub\reservationApp-FB\app\models\daos\UserDAOImpl.scala:113:61: not found: value name
[error]     db.run(users.filter(_.id === userId).map(_.name).update(name).map(_ > 0))
[error]                                                             ^
[error] C:\Users\kolya\Documents\GitHub\reservationApp-FB\app\models\services\UserServiceImpl.scala:111:18: value update is not a member of models.daos.LoginInfoDAO
[error]     loginInfoDAO.update.saveUserLoginInfo(userID, loginInfo)
[error]                  ^
[error] two errors found
[error] (Compile / compileIncremental) Compilation failed
[debug] Running task... Cancel: Signal, check cycles: false, forcegc: true
[debug] Running task... Cancel: Signal, check cycles: false, forcegc: true
[debug] Running task... Cancel: Signal, check cycles: false, forcegc: true
[info] compiling 5 Scala sources to C:\Users\kolya\Documents\GitHub\reservationApp-FB\target\scala-2.13\classes ...
[error] C:\Users\kolya\Documents\GitHub\reservationApp-FB\app\models\daos\UserDAOImpl.scala:113:78: overloaded method > with alternatives:
[error]   (x: Double)Boolean <and>
[error]   (x: Float)Boolean <and>
[error]   (x: Long)Boolean <and>
[error]   (x: Int)Boolean <and>
[error]   (x: Char)Boolean <and>
[error]   (x: Short)Boolean <and>
[error]   (x: Byte)Boolean
[error]  cannot be applied to (models.User.type)
[error]     db.run(users.filter(_.id === userId).map(_.name).update(user.name).map(_ > User))
[error]                                                                              ^
[error] C:\Users\kolya\Documents\GitHub\reservationApp-FB\app\models\services\UserServiceImpl.scala:111:18: value update is not a member of models.daos.LoginInfoDAO
[error]     loginInfoDAO.update.saveUserLoginInfo(userID, loginInfo)
[error]                  ^
[error] C:\Users\kolya\Documents\GitHub\reservationApp-FB\app\models\services\UserServiceImpl.scala:112:19: not enough arguments for method update: (userId: java.util.UUID, user: models.User): scala.concurrent.Future[models.User].
[error] Unspecified value parameter user.
[error]     userDAO.update(userID)
[error]                   ^
[error] three errors found
[debug] Forcing garbage collection...
[error] (Compile / compileIncremental) Compilation failed
[debug] Running task... Cancel: Signal, check cycles: false, forcegc: true
[debug] Running task... Cancel: Signal, check cycles: false, forcegc: true
[debug] Running task... Cancel: Signal, check cycles: false, forcegc: true
[info] compiling 5 Scala sources to C:\Users\kolya\Documents\GitHub\reservationApp-FB\target\scala-2.13\classes ...
[error] C:\Users\kolya\Documents\GitHub\reservationApp-FB\app\models\daos\UserDAOImpl.scala:113:78: overloaded method > with alternatives:
[error]   (x: Double)Boolean <and>
[error]   (x: Float)Boolean <and>
[error]   (x: Long)Boolean <and>
[error]   (x: Int)Boolean <and>
[error]   (x: Char)Boolean <and>
[error]   (x: Short)Boolean <and>
[error]   (x: Byte)Boolean
[error]  cannot be applied to (models.User.type)
[error]     db.run(users.filter(_.id === userId).map(_.name).update(user.name).map(_ > User))
[error]                                                                              ^
[error] C:\Users\kolya\Documents\GitHub\reservationApp-FB\app\models\services\UserServiceImpl.scala:111:18: value update is not a member of models.daos.LoginInfoDAO
[error]     loginInfoDAO.update.saveUserLoginInfo(userID, loginInfo)
[error]                  ^
[error] C:\Users\kolya\Documents\GitHub\reservationApp-FB\app\models\services\UserServiceImpl.scala:112:19: not enough arguments for method update: (userId: java.util.UUID, user: models.User): scala.concurrent.Future[models.User].
[error] Unspecified value parameter user.
[error]     userDAO.update(userID)
[error]                   ^
[error] three errors found
[error] (Compile / compileIncremental) Compilation failed
[debug] Running task... Cancel: Signal, check cycles: false, forcegc: true
[debug] Running task... Cancel: Signal, check cycles: false, forcegc: true
[debug] Running task... Cancel: Signal, check cycles: false, forcegc: true
[info] compiling 5 Scala sources to C:\Users\kolya\Documents\GitHub\reservationApp-FB\target\scala-2.13\classes ...
[error] C:\Users\kolya\Documents\GitHub\reservationApp-FB\app\models\services\UserServiceImpl.scala:111:18: value update is not a member of models.daos.LoginInfoDAO
[error]     loginInfoDAO.update.saveUserLoginInfo(userID, loginInfo)
[error]                  ^
[error] C:\Users\kolya\Documents\GitHub\reservationApp-FB\app\models\services\UserServiceImpl.scala:112:13: value update is not a member of models.daos.UserDAO
[error]     userDAO.update(userID)
[error]             ^
[error] two errors found
[debug] Forcing garbage collection...
[error] (Compile / compileIncremental) Compilation failed
[debug] Running task... Cancel: Signal, check cycles: false, forcegc: true
[debug] Running task... Cancel: Signal, check cycles: false, forcegc: true
[debug] Running task... Cancel: Signal, check cycles: false, forcegc: true
[info] compiling 5 Scala sources to C:\Users\kolya\Documents\GitHub\reservationApp-FB\target\scala-2.13\classes ...
[error] C:\Users\kolya\Documents\GitHub\reservationApp-FB\app\models\services\UserServiceImpl.scala:18:7: class UserServiceImpl needs to be abstract. Missing implementation for:
[error]   def update(userID: java.util.UUID, email: String): scala.concurrent.Future[Boolean] // inherited from trait UserService
[error] class UserServiceImpl @Inject()(userDAO: UserDAO,
[error]       ^
[error] one error found
[error] (Compile / compileIncremental) Compilation failed
[debug] Running task... Cancel: Signal, check cycles: false, forcegc: true
[debug] Running task... Cancel: Signal, check cycles: false, forcegc: true
[debug] Running task... Cancel: Signal, check cycles: false, forcegc: true
[info] compiling 4 Scala sources to C:\Users\kolya\Documents\GitHub\reservationApp-FB\target\scala-2.13\classes ...
[error] C:\Users\kolya\Documents\GitHub\reservationApp-FB\app\controllers\UserController.scala:92:27: value update is not a member of models.services.UserService
[error]               userService.update(userID, user.email).flatMap {
[error]                           ^
[error] one error found
[error] (Compile / compileIncremental) Compilation failed
[debug] Running task... Cancel: Signal, check cycles: false, forcegc: true
[debug] Running task... Cancel: Signal, check cycles: false, forcegc: true
[debug] Running task... Cancel: Signal, check cycles: false, forcegc: true
[info] compiling 4 Scala sources to C:\Users\kolya\Documents\GitHub\reservationApp-FB\target\scala-2.13\classes ...
[info] done compiling
[debug] Running task... Cancel: Signal, check cycles: false, forcegc: true
[debug] Exporting web-assets:reservationapp
[debug] Running task... Cancel: Signal, check cycles: false, forcegc: true
[debug] Running task... Cancel: Signal, check cycles: false, forcegc: true
[info] compiling 6 Scala sources to C:\Users\kolya\Documents\GitHub\reservationApp-FB\target\scala-2.13\classes ...
[error] C:\Users\kolya\Documents\GitHub\reservationApp-FB\app\controllers\UserController.scala:88:7: not found: value UserForm
[error]       UserForm.form.bindFromRequest().fold(
[error]       ^
[error] C:\Users\kolya\Documents\GitHub\reservationApp-FB\app\controllers\UserController.scala:93:46: not found: value User
[error]               userService.changeUser(userID, User.UserReads(name)).flatMap(updResult =>
[error]                                              ^
[error] two errors found
[debug] Forcing garbage collection...
[error] (Compile / compileIncremental) Compilation failed
[debug] Running task... Cancel: Signal, check cycles: false, forcegc: true
[debug] Running task... Cancel: Signal, check cycles: false, forcegc: true
[debug] Running task... Cancel: Signal, check cycles: false, forcegc: true
[info] compiling 6 Scala sources to C:\Users\kolya\Documents\GitHub\reservationApp-FB\target\scala-2.13\classes ...
[error] C:\Users\kolya\Documents\GitHub\reservationApp-FB\app\controllers\UserController.scala:94:46: not found: value User
[error]               userService.changeUser(userID, User.UserReads(name)).flatMap(updResult =>
[error]                                              ^
[error] one error found
[error] (Compile / compileIncremental) Compilation failed
[debug] Running task... Cancel: Signal, check cycles: false, forcegc: true
[debug] Running task... Cancel: Signal, check cycles: false, forcegc: true
[debug] Running task... Cancel: Signal, check cycles: false, forcegc: true
[info] compiling 6 Scala sources to C:\Users\kolya\Documents\GitHub\reservationApp-FB\target\scala-2.13\classes ...
[error] C:\Users\kolya\Documents\GitHub\reservationApp-FB\app\controllers\UserController.scala:95:60: play.api.libs.json.Reads[models.User] does not take parameters
[error]               userService.changeUser(userID, User.UserReads(name)).flatMap(updResult =>
[error]                                                            ^
[error] one error found
[error] (Compile / compileIncremental) Compilation failed
[debug] Running task... Cancel: Signal, check cycles: false, forcegc: true
[debug] Running task... Cancel: Signal, check cycles: false, forcegc: true
[debug] Running task... Cancel: Signal, check cycles: false, forcegc: true
[info] compiling 6 Scala sources to C:\Users\kolya\Documents\GitHub\reservationApp-FB\target\scala-2.13\classes ...
[error] C:\Users\kolya\Documents\GitHub\reservationApp-FB\app\controllers\UserController.scala:95:51: value name is not a member of object models.User
[error]               userService.changeUser(userID, User.name).flatMap(updResult =>
[error]                                                   ^
[error] one error found
[error] (Compile / compileIncremental) Compilation failed
[debug] Running task... Cancel: Signal, check cycles: false, forcegc: true
[debug] Running task... Cancel: Signal, check cycles: false, forcegc: true
[debug] Running task... Cancel: Signal, check cycles: false, forcegc: true
[info] compiling 6 Scala sources to C:\Users\kolya\Documents\GitHub\reservationApp-FB\target\scala-2.13\classes ...
[error] C:\Users\kolya\Documents\GitHub\reservationApp-FB\app\controllers\UserController.scala:95:46: type mismatch;
[error]  found   : forms.UserForm.UserData
[error]  required: String
[error]               userService.changeUser(userID, name).flatMap(updResult =>
[error]                                              ^
[error] one error found
[error] (Compile / compileIncremental) Compilation failed
[debug] Running task... Cancel: Signal, check cycles: false, forcegc: true
[debug] Running task... Cancel: Signal, check cycles: false, forcegc: true
